
Loading MNIST Data...

Loading Training Data...

Loading Testing Data...

Preparing Classifier Training and Validation Data...

SVM Classifier with gamma = 0.1; Kernel = polynomial

Pickling the Classifier for Future Use...

Calculating Accuracy of trained Classifier...

Making Predictions on Validation Data...

Calculating Accuracy of Predictions...

Creating Confusion Matrix...

SVM Trained Classifier Accuracy:  0.98

Predicted Values:  [2 8 1 ... 1 3 0]

Accuracy of Classifier on Validation Images:  0.98

Confusion Matrix: 
 [[593   0   2   0   0   0   2   0   2   0]
 [  0 659   2   2   0   0   0   1   3   1]
 [  1   1 562   1   1   1   0   3   4   0]
 [  0   0   3 570   0   1   0   3   4   2]
 [  2   4   3   0 577   0   3   2   0   8]
 [  2   0   3   2   2 507   1   0   4   0]
 [  1   1   0   0   1   1 578   0   2   0]
 [  0   1   1   2   1   0   0 677   1   3]
 [  0   0   2   1   1   2   3   1 548   3]
 [  0   1   1   4   3   1   0   5   1 609]]

Making Predictions on Test Input Images...

Calculating Accuracy of Trained Classifier on Test Data... 

 Creating Confusion Matrix for Test Data...

Predicted Labels for Test Images:  [7 2 1 ... 4 5 6]

Accuracy of Classifier on Test Images:  0.9777

Confusion Matrix for Test Data: 
 [[ 972    0    1    1    0    3    1    0    2    0]
 [   0 1124    2    2    1    1    3    0    2    0]
 [   6    1 1007    0    2    0    4    7    4    1]
 [   0    2    2  987    0    6    0    4    5    4]
 [   2    0    3    0  962    0    3    2    1    9]
 [   2    0    1   12    1  866    3    1    4    2]
 [   5    5    2    0    4    7  933    0    2    0]
 [   0    9    8    1    0    0    0 1004    0    6]
 [   6    0    1    3    4    5    1    5  947    2]
 [   2    8    1    6    9    2    1    3    2  975]]
