
Loading MNIST Data...

Loading Training Data...

Loading Testing Data...

Preparing Classifier Training and Validation Data...

Random Forest Classifier with n_estimators = 100, n_jobs = 10

Pickling the Classifier for Future Use...

Calculating Accuracy of trained Classifier...

Making Predictions on Validation Data...

Calculating Accuracy of Predictions...

Creating Confusion Matrix...

RFC Trained Classifier Confidence:  0.9706666666666667

Predicted Values:  [8 4 3 ... 3 5 7]

Accuracy of Classifier on Validation Image Data:  0.9706666666666667

Confusion Matrix: 
 [[577   0   1   0   1   1   0   0   5   1]
 [  0 662   2   2   0   0   0   0   2   2]
 [  1   2 540   4   1   0   3   3   1   1]
 [  0   0  10 591   1   5   1   3  11   1]
 [  1   0   1   0 562   0   3   0   2   8]
 [  4   0   0  12   1 508   0   0   4   3]
 [  3   1   1   0   2   3 616   0   0   0]
 [  1   1   0   0   6   0   0 621   0   4]
 [  0   1   3   4   0   3   3   0 552   5]
 [  4   1   1   6   3   3   1   6   6 595]]

Making Predictions on Test Input Images...

Calculating Accuracy of Trained Classifier on Test Data... 

 Creating Confusion Matrix for Test Data...

Predicted Labels for Test Images:  [7 2 1 ... 4 5 6]

Accuracy of Classifier on Test Images:  0.97

Confusion Matrix for Test Data: 
 [[ 971    1    0    0    0    1    3    1    2    1]
 [   0 1123    2    4    0    0    4    0    1    1]
 [   6    0 1000    4    3    1    3    9    5    1]
 [   0    0   12  969    0    7    0    9    9    4]
 [   1    0    2    0  952    0    5    0    3   19]
 [   3    0    1    9    3  863    5    2    5    1]
 [   8    3    0    0    4    5  936    0    2    0]
 [   3    5   17    1    0    0    0  991    1   10]
 [   4    0    5    9    4    5    3    4  932    8]
 [   8    6    3    7   12    1    1    3    5  963]]
